<?xml version="1.0" encoding="UTF-8"?>
<!-- Generated by org.testng.reporters.JUnitReportReporter -->
<testsuite hostname="and4" failures="0" tests="3" name="sample.SampleTestNG" time="0.011" errors="0" timestamp="2022-11-10T18:42:00 IST" skipped="2">
  <testcase classname="sample.SampleTestNG" name="test3" time="0.011"/>
  <system-out>
    <![CDATA[not bad]]>
  </system-out>
  <testcase classname="sample.SampleTestNG" name="test2">
    <skipped/>
  </testcase> <!-- test2 -->
  <system-out/>
  <testcase classname="sample.SampleTestNG" name="test1">
    <skipped/>
  </testcase> <!-- test1 -->
  <system-out/>
</testsuite> <!-- sample.SampleTestNG -->
