<?xml version="1.0" encoding="UTF-8"?>
<!-- Generated by org.testng.reporters.JUnitReportReporter -->
<testsuite hostname="and4" failures="0" tests="3" name="sample.SampleTestNG" time="0.011" errors="0" timestamp="2022-11-04T12:11:58 IST" skipped="0">
  <testcase classname="sample.SampleTestNG" name="test2" time="0.007"/>
  <system-out>
    <![CDATA[bad]]>
  </system-out>
  <testcase classname="sample.SampleTestNG" name="test1" time="0.001"/>
  <system-out>
    <![CDATA[good]]>
  </system-out>
  <testcase classname="sample.SampleTestNG" name="test1" time="0.003"/>
  <system-out>
    <![CDATA[good]]>
  </system-out>
</testsuite> <!-- sample.SampleTestNG -->
